  [1m[35m (589.0ms)[0m  [1m[35mCREATE DATABASE "TaskList_development" ENCODING = 'unicode'[0m
  ↳ bin/rails:9
  [1m[35m (476.5ms)[0m  [1m[35mCREATE DATABASE "TaskList_test" ENCODING = 'unicode'[0m
  ↳ bin/rails:9
Started GET "/" for ::1 at 2019-04-08 14:39:44 -0700
Processing by Rails::WelcomeController#index as HTML
  Rendering /Users/elle/.rvm/gems/ruby-2.5.1/gems/railties-5.2.3/lib/rails/templates/rails/welcome/index.html.erb
  Rendered /Users/elle/.rvm/gems/ruby-2.5.1/gems/railties-5.2.3/lib/rails/templates/rails/welcome/index.html.erb (6.8ms)
Completed 200 OK in 29ms (Views: 18.2ms | ActiveRecord: 0.0ms)


Started GET "/tasks" for ::1 at 2019-04-08 14:39:56 -0700
  
ActionController::RoutingError (No route matches [GET] "/tasks"):
  
actionpack (5.2.3) lib/action_dispatch/middleware/debug_exceptions.rb:65:in `call'
web-console (3.7.0) lib/web_console/middleware.rb:135:in `call_app'
web-console (3.7.0) lib/web_console/middleware.rb:30:in `block in call'
web-console (3.7.0) lib/web_console/middleware.rb:20:in `catch'
web-console (3.7.0) lib/web_console/middleware.rb:20:in `call'
actionpack (5.2.3) lib/action_dispatch/middleware/show_exceptions.rb:33:in `call'
railties (5.2.3) lib/rails/rack/logger.rb:38:in `call_app'
railties (5.2.3) lib/rails/rack/logger.rb:26:in `block in call'
activesupport (5.2.3) lib/active_support/tagged_logging.rb:71:in `block in tagged'
activesupport (5.2.3) lib/active_support/tagged_logging.rb:28:in `tagged'
activesupport (5.2.3) lib/active_support/tagged_logging.rb:71:in `tagged'
railties (5.2.3) lib/rails/rack/logger.rb:26:in `call'
sprockets-rails (3.2.1) lib/sprockets/rails/quiet_assets.rb:13:in `call'
actionpack (5.2.3) lib/action_dispatch/middleware/remote_ip.rb:81:in `call'
actionpack (5.2.3) lib/action_dispatch/middleware/request_id.rb:27:in `call'
rack (2.0.7) lib/rack/method_override.rb:22:in `call'
rack (2.0.7) lib/rack/runtime.rb:22:in `call'
activesupport (5.2.3) lib/active_support/cache/strategy/local_cache_middleware.rb:29:in `call'
actionpack (5.2.3) lib/action_dispatch/middleware/executor.rb:14:in `call'
actionpack (5.2.3) lib/action_dispatch/middleware/static.rb:127:in `call'
rack (2.0.7) lib/rack/sendfile.rb:111:in `call'
railties (5.2.3) lib/rails/engine.rb:524:in `call'
puma (3.12.1) lib/puma/configuration.rb:227:in `call'
puma (3.12.1) lib/puma/server.rb:660:in `handle_request'
puma (3.12.1) lib/puma/server.rb:474:in `process_client'
puma (3.12.1) lib/puma/server.rb:334:in `block in run'
puma (3.12.1) lib/puma/thread_pool.rb:135:in `block in spawn_thread'
Started GET "/tasks" for ::1 at 2019-04-08 14:41:57 -0700
Processing by TasksController#index as HTML
  Rendering tasks/index.html.erb within layouts/application
  Rendered tasks/index.html.erb within layouts/application (0.4ms)
Completed 200 OK in 387ms (Views: 381.0ms | ActiveRecord: 0.0ms)


Started GET "/tasks" for ::1 at 2019-04-08 14:45:47 -0700
Processing by TasksController#index as HTML
  Rendering tasks/index.html.erb within layouts/application
  Rendered tasks/index.html.erb within layouts/application (358.4ms)
Completed 500 Internal Server Error in 368ms (ActiveRecord: 0.0ms)



NameError - undefined local variable or method `book' for #<#<Class:0x00007ffe07e12488>:0x00007ffe0d0dea40>:
  app/views/tasks/index.html.erb:7:in `block in _app_views_tasks_index_html_erb___1561028883248089603_70364567404560'
  app/views/tasks/index.html.erb:4:in `_app_views_tasks_index_html_erb___1561028883248089603_70364567404560'

Started POST "/__better_errors/677bc738842015ec/variables" for ::1 at 2019-04-08 14:45:48 -0700
Started GET "/tasks" for ::1 at 2019-04-08 14:46:24 -0700
Processing by TasksController#index as HTML
  Rendering tasks/index.html.erb within layouts/application
  Rendered tasks/index.html.erb within layouts/application (484.1ms)
Completed 500 Internal Server Error in 496ms (ActiveRecord: 0.0ms)



NameError - undefined local variable or method `book' for #<#<Class:0x00007ffe07e12488>:0x00007ffe093c8fc0>:
  app/views/tasks/index.html.erb:7:in `block in _app_views_tasks_index_html_erb___1561028883248089603_70364526693480'
  app/views/tasks/index.html.erb:4:in `_app_views_tasks_index_html_erb___1561028883248089603_70364526693480'

Started POST "/__better_errors/6c3c81f1d3deb6b5/variables" for ::1 at 2019-04-08 14:46:25 -0700
Started GET "/tasks" for ::1 at 2019-04-08 14:46:51 -0700
Processing by TasksController#index as HTML
  Rendering tasks/index.html.erb within layouts/application
  Rendered tasks/index.html.erb within layouts/application (0.8ms)
Completed 200 OK in 59ms (Views: 55.1ms | ActiveRecord: 0.0ms)


  [1m[35m (35.4ms)[0m  [1m[35mCREATE TABLE "schema_migrations" ("version" character varying NOT NULL PRIMARY KEY)[0m
  ↳ bin/rails:9
  [1m[35m (39.0ms)[0m  [1m[35mCREATE TABLE "ar_internal_metadata" ("key" character varying NOT NULL PRIMARY KEY, "value" character varying, "created_at" timestamp NOT NULL, "updated_at" timestamp NOT NULL)[0m
  ↳ bin/rails:9
  [1m[35m (39.1ms)[0m  [1m[34mSELECT pg_try_advisory_lock(4169262226251541860)[0m
  ↳ bin/rails:9
  [1m[35m (2.3ms)[0m  [1m[34mSELECT "schema_migrations"."version" FROM "schema_migrations" ORDER BY "schema_migrations"."version" ASC[0m
  ↳ bin/rails:9
Migrating to CreateTasks (20190409230620)
  [1m[35m (0.3ms)[0m  [1m[35mBEGIN[0m
  ↳ bin/rails:9
  [1m[35m (34.5ms)[0m  [1m[35mCREATE TABLE "tasks" ("id" bigserial primary key, "task_name" character varying, "description" character varying, "date_due" date, "date_completed" date, "created_at" timestamp NOT NULL, "updated_at" timestamp NOT NULL)[0m
  ↳ db/migrate/20190409230620_create_tasks.rb:3
  [1m[36mActiveRecord::SchemaMigration Create (1.9ms)[0m  [1m[32mINSERT INTO "schema_migrations" ("version") VALUES ($1) RETURNING "version"[0m  [["version", "20190409230620"]]
  ↳ bin/rails:9
  [1m[35m (41.3ms)[0m  [1m[35mCOMMIT[0m
  ↳ bin/rails:9
  [1m[36mActiveRecord::InternalMetadata Load (0.7ms)[0m  [1m[34mSELECT  "ar_internal_metadata".* FROM "ar_internal_metadata" WHERE "ar_internal_metadata"."key" = $1 LIMIT $2[0m  [["key", "environment"], ["LIMIT", 1]]
  ↳ bin/rails:9
  [1m[35m (0.2ms)[0m  [1m[35mBEGIN[0m
  ↳ bin/rails:9
  [1m[36mActiveRecord::InternalMetadata Create (0.6ms)[0m  [1m[32mINSERT INTO "ar_internal_metadata" ("key", "value", "created_at", "updated_at") VALUES ($1, $2, $3, $4) RETURNING "key"[0m  [["key", "environment"], ["value", "development"], ["created_at", "2019-04-09 23:07:43.530357"], ["updated_at", "2019-04-09 23:07:43.530357"]]
  ↳ bin/rails:9
  [1m[35m (1.4ms)[0m  [1m[35mCOMMIT[0m
  ↳ bin/rails:9
  [1m[35m (0.4ms)[0m  [1m[34mSELECT pg_advisory_unlock(4169262226251541860)[0m
  ↳ bin/rails:9
  [1m[35m (0.3ms)[0m  [1m[34mSELECT "schema_migrations"."version" FROM "schema_migrations" ORDER BY "schema_migrations"."version" ASC[0m
  ↳ bin/rails:9
  [1m[35m (0.9ms)[0m  [1m[34mSELECT "schema_migrations"."version" FROM "schema_migrations" ORDER BY "schema_migrations"."version" ASC[0m
  ↳ bin/rails:9
  [1m[36mTask Load (1.9ms)[0m  [1m[34mSELECT "tasks".* FROM "tasks"[0m
  [1m[35m (0.8ms)[0m  [1m[34mSELECT "schema_migrations"."version" FROM "schema_migrations" ORDER BY "schema_migrations"."version" ASC[0m
  ↳ bin/rails:9
  [1m[35m (0.3ms)[0m  [1m[34mSELECT pg_try_advisory_lock(4169262226251541860)[0m
  ↳ bin/rails:9
  [1m[35m (0.9ms)[0m  [1m[34mSELECT "schema_migrations"."version" FROM "schema_migrations" ORDER BY "schema_migrations"."version" ASC[0m
  ↳ bin/rails:9
Migrating to ChangeDateCompletedTypeTasks (20190409233040)
  [1m[35m (0.2ms)[0m  [1m[35mBEGIN[0m
  ↳ bin/rails:9
  [1m[35m (66.7ms)[0m  [1m[35mALTER TABLE "tasks" ALTER COLUMN "date_completed" TYPE timestamp[0m
  ↳ db/migrate/20190409233040_change_date_completed_type_tasks.rb:3
  [1m[36mActiveRecord::SchemaMigration Create (0.7ms)[0m  [1m[32mINSERT INTO "schema_migrations" ("version") VALUES ($1) RETURNING "version"[0m  [["version", "20190409233040"]]
  ↳ bin/rails:9
  [1m[35m (4.0ms)[0m  [1m[35mCOMMIT[0m
  ↳ bin/rails:9
  [1m[36mActiveRecord::InternalMetadata Load (0.6ms)[0m  [1m[34mSELECT  "ar_internal_metadata".* FROM "ar_internal_metadata" WHERE "ar_internal_metadata"."key" = $1 LIMIT $2[0m  [["key", "environment"], ["LIMIT", 1]]
  ↳ bin/rails:9
  [1m[35m (0.2ms)[0m  [1m[35mBEGIN[0m
  ↳ bin/rails:9
  [1m[35m (0.2ms)[0m  [1m[35mCOMMIT[0m
  ↳ bin/rails:9
  [1m[35m (0.3ms)[0m  [1m[34mSELECT pg_advisory_unlock(4169262226251541860)[0m
  ↳ bin/rails:9
  [1m[35m (0.4ms)[0m  [1m[34mSELECT "schema_migrations"."version" FROM "schema_migrations" ORDER BY "schema_migrations"."version" ASC[0m
  ↳ bin/rails:9
  [1m[35m (0.9ms)[0m  [1m[34mSELECT "schema_migrations"."version" FROM "schema_migrations" ORDER BY "schema_migrations"."version" ASC[0m
  ↳ bin/rails:9
  [1m[35m (0.3ms)[0m  [1m[35mBEGIN[0m
  [1m[36mTask Create (44.9ms)[0m  [1m[32mINSERT INTO "tasks" ("task_name", "description", "date_due", "created_at", "updated_at") VALUES ($1, $2, $3, $4, $5) RETURNING "id"[0m  [["task_name", "Mail tax return"], ["description", "will need to calculate postage"], ["date_due", "0015-04-19"], ["created_at", "2019-04-09 23:45:04.047931"], ["updated_at", "2019-04-09 23:45:04.047931"]]
  [1m[35m (41.0ms)[0m  [1m[35mCOMMIT[0m
  [1m[35m (0.2ms)[0m  [1m[35mBEGIN[0m
  [1m[36mTask Create (0.7ms)[0m  [1m[32mINSERT INTO "tasks" ("task_name", "description", "date_due", "created_at", "updated_at") VALUES ($1, $2, $3, $4, $5) RETURNING "id"[0m  [["task_name", "Buy ice cream"], ["description", "vegan, buy for party, Laura b-day"], ["date_due", "2019-04-19"], ["created_at", "2019-04-09 23:47:11.371829"], ["updated_at", "2019-04-09 23:47:11.371829"]]
  [1m[35m (39.8ms)[0m  [1m[35mCOMMIT[0m
  [1m[36mTask Load (42.7ms)[0m  [1m[34mSELECT "tasks".* FROM "tasks"[0m
  [1m[36mTask Load (0.4ms)[0m  [1m[34mSELECT "tasks".* FROM "tasks"[0m
  [1m[36mTask Load (0.5ms)[0m  [1m[34mSELECT "tasks".* FROM "tasks"[0m
  [1m[36mTask Load (0.4ms)[0m  [1m[34mSELECT "tasks".* FROM "tasks"[0m
  [1m[36mTask Load (0.4ms)[0m  [1m[34mSELECT "tasks".* FROM "tasks"[0m
  [1m[36mTask Load (0.6ms)[0m  [1m[34mSELECT "tasks".* FROM "tasks"[0m
  [1m[36mTask Load (0.4ms)[0m  [1m[34mSELECT "tasks".* FROM "tasks"[0m
  [1m[36mTask Load (0.4ms)[0m  [1m[34mSELECT "tasks".* FROM "tasks"[0m
Started GET "/tasks" for ::1 at 2019-04-09 17:02:39 -0700
  [1m[35m (0.8ms)[0m  [1m[34mSELECT "schema_migrations"."version" FROM "schema_migrations" ORDER BY "schema_migrations"."version" ASC[0m
  ↳ /Users/elle/.rvm/gems/ruby-2.5.1/gems/activerecord-5.2.3/lib/active_record/log_subscriber.rb:98
Processing by TasksController#index as HTML
  Rendering tasks/index.html.erb within layouts/application
  [1m[36mTask Load (42.2ms)[0m  [1m[34mSELECT "tasks".* FROM "tasks" ORDER BY "tasks"."date_due" DESC[0m
  ↳ app/views/tasks/index.html.erb:4
  Rendered tasks/index.html.erb within layouts/application (61.7ms)
Completed 200 OK in 409ms (Views: 333.7ms | ActiveRecord: 48.1ms)


